2024-05-02 11:04:00,953 INFO o.a.j.u.JMeterUtils: Setting Locale to en_IN
2024-05-02 11:04:00,964 INFO o.a.j.JMeter: Loading user properties from: user.properties
2024-05-02 11:04:00,964 INFO o.a.j.JMeter: Loading system properties from: system.properties
2024-05-02 11:04:00,967 INFO o.a.j.JMeter: Copyright (c) 1998-2024 The Apache Software Foundation
2024-05-02 11:04:00,967 INFO o.a.j.JMeter: Version 5.6.3
2024-05-02 11:04:00,967 INFO o.a.j.JMeter: java.version=1.8.0_411
2024-05-02 11:04:00,967 INFO o.a.j.JMeter: java.vm.name=Java HotSpot(TM) Client VM
2024-05-02 11:04:00,967 INFO o.a.j.JMeter: os.name=Windows 11
2024-05-02 11:04:00,967 INFO o.a.j.JMeter: os.arch=x86
2024-05-02 11:04:00,967 INFO o.a.j.JMeter: os.version=10.0
2024-05-02 11:04:00,967 INFO o.a.j.JMeter: file.encoding=Cp1252
2024-05-02 11:04:00,967 INFO o.a.j.JMeter: java.awt.headless=null
2024-05-02 11:04:00,967 INFO o.a.j.JMeter: Max memory     =259522560
2024-05-02 11:04:00,967 INFO o.a.j.JMeter: Available Processors =8
2024-05-02 11:04:00,969 INFO o.a.j.JMeter: Default Locale=English (India)
2024-05-02 11:04:00,969 INFO o.a.j.JMeter: JMeter  Locale=English (India)
2024-05-02 11:04:00,969 INFO o.a.j.JMeter: JMeterHome=C:\Users\amitd\Downloads\apache-jmeter-5.6.3 (1)\apache-jmeter-5.6.3
2024-05-02 11:04:00,969 INFO o.a.j.JMeter: user.dir  =C:\Users\amitd\Downloads\apache-jmeter-5.6.3 (1)\apache-jmeter-5.6.3\bin
2024-05-02 11:04:00,970 INFO o.a.j.JMeter: PWD       =C:\Users\amitd\Downloads\apache-jmeter-5.6.3 (1)\apache-jmeter-5.6.3\bin
2024-05-02 11:04:00,972 INFO o.a.j.JMeter: IP: 192.168.1.249 Name: AmithDas FullName: AmithDas
2024-05-02 11:04:00,984 INFO o.a.j.JMeter: Loaded icon properties from org/apache/jmeter/images/icon.properties
2024-05-02 11:04:01,068 INFO o.a.j.JMeterGuiLauncher: Setting LAF to: com.github.weisj.darklaf.DarkLaf:com.github.weisj.darklaf.theme.IntelliJTheme
